Using pre-set license
Built from '2020.3/china_unity/release' branch; Version is '2020.3.13f1c1 (93b9df9a3ddc) revision 9681375'; Using compiler version '192528614'; Build Type 'Release'
OS: 'Windows 10 Pro; OS build 19041.1415; Version 2004; 64bit' Language: 'zh' Physical Memory: 32634 MB
BatchMode: 1, IsHumanControllingUs: 0, StartBugReporterOnCrash: 0, Is64bit: 1, IsPro: 0

 COMMAND LINE ARGUMENTS:
D:\Unity\Editor\2020.3.13f1c1\Editor\Unity.exe
-adb2
-batchMode
-noUpm
-name
AssetImportWorker0
-projectPath
E:/Unity/GIStest
-logFile
Logs/AssetImportWorker0.log
-srvPort
40705
Successfully changed project path to: E:/Unity/GIStest
E:/Unity/GIStest
Using Asset Import Pipeline V2.
Refreshing native plugins compatible for Editor in 35.96 ms, found 2 plugins.
Preloading 0 native plugins for Editor in 0.00 ms.
Initialize engine version: 2020.3.13f1c1 (93b9df9a3ddc)
[Subsystems] Discovering subsystems at path D:/Unity/Editor/2020.3.13f1c1/Editor/Data/Resources/UnitySubsystems
[Subsystems] Discovering subsystems at path E:/Unity/GIStest/Assets
GfxDevice: creating device client; threaded=0
Direct3D:
    Version:  Direct3D 11.0 [level 11.1]
    Renderer: Intel(R) UHD Graphics 630 (ID=0x9bc8)
    Vendor:   
    VRAM:     16317 MB
    Driver:   27.20.100.9316
Initialize mono
Mono path[0] = 'D:/Unity/Editor/2020.3.13f1c1/Editor/Data/Managed'
Mono path[1] = 'D:/Unity/Editor/2020.3.13f1c1/Editor/Data/MonoBleedingEdge/lib/mono/unityjit'
Mono config path = 'D:/Unity/Editor/2020.3.13f1c1/Editor/Data/MonoBleedingEdge/etc'
Using monoOptions --debugger-agent=transport=dt_socket,embedding=1,server=y,suspend=n,address=127.0.0.1:56396
Begin MonoManager ReloadAssembly
Registering precompiled unity dll's ...
Register platform support module: D:/Unity/Editor/2020.3.13f1c1/Editor/Data/PlaybackEngines/WebGLSupport/UnityEditor.WebGL.Extensions.dll
Register platform support module: D:/Unity/Editor/2020.3.13f1c1/Editor/Data/PlaybackEngines/WindowsStandaloneSupport/UnityEditor.WindowsStandalone.Extensions.dll
Registered in 0.002564 seconds.
Native extension for WindowsStandalone target not found
Native extension for WebGL target not found
Refreshing native plugins compatible for Editor in 24.80 ms, found 2 plugins.
Preloading 0 native plugins for Editor in 0.00 ms.
Mono: successfully reloaded assembly
- Completed reload, in  0.744 seconds
Platform modules already initialized, skipping
Registering precompiled user dll's ...
Registered in 0.003699 seconds.
Begin MonoManager ReloadAssembly
Native extension for WindowsStandalone target not found
Native extension for WebGL target not found
Refreshing native plugins compatible for Editor in 0.31 ms, found 2 plugins.
Preloading 0 native plugins for Editor in 0.00 ms.
Mono: successfully reloaded assembly
- Completed reload, in  0.920 seconds
Platform modules already initialized, skipping
========================================================================
Worker process is ready to serve import requests
Launched and connected shader compiler UnityShaderCompiler.exe after 0.08 seconds
Refreshing native plugins compatible for Editor in 0.27 ms, found 2 plugins.
Preloading 0 native plugins for Editor in 0.00 ms.
Unloading 1390 Unused Serialized files (Serialized files now loaded: 0)
System memory in use before: 67.1 MB.
System memory in use after: 67.2 MB.

Unloading 18 unused Assets to reduce memory usage. Loaded Objects now: 1824.
Total: 1.792600 ms (FindLiveObjects: 0.148200 ms CreateObjectMapping: 0.037000 ms MarkObjects: 1.552200 ms  DeleteObjects: 0.054100 ms)

AssetImportParameters requested are different than current active one (requested -> active):
  custom:framework-win-MediaFoundation: 216162199b28c13a410421893ffa2e32 -> 
  custom:video-decoder-ogg-theora: a1e56fd34408186e4bbccfd4996cb3dc -> 
  custom:container-muxer-webm: aa71ff27fc2769a1b78a27578f13a17b -> 
  custom:container-demuxer-webm: 4f35f7cbe854078d1ac9338744f61a02 -> 
  custom:container-demuxer-ogg: 62fdf1f143b41e24485cea50d1cbac27 -> 
  custom:video-encoder-webm-vp8: eb34c28f22e8b96e1ab97ce403110664 -> 
  custom:video-decoder-webm-vp8: 9c59270c3fd7afecdb556c50c9e8de78 -> 
  custom:audio-decoder-ogg-vorbis: bf7c407c2cedff20999df2af8eb42d56 -> 
  custom:audio-encoder-webm-vorbis: bf7c407c2cedff20999df2af8eb42d56 -> 
========================================================================
Received Import Request.
  path: Assets
  artifactKey: Guid(00000000000000001000000000000000) Importer(815301076,1909f56bfc062723c751e8b465ee728b)
Start importing Assets using Guid(00000000000000001000000000000000) Importer(815301076,1909f56bfc062723c751e8b465ee728b)  -> (artifact id: '42d402b061de3733987d63b9cc3b64de') in 0.004082 seconds 
  Import took 0.005853 seconds .

========================================================================
Received Prepare
Registering precompiled user dll's ...
Registered in 0.041789 seconds.
Begin MonoManager ReloadAssembly
Error: Could not load signature of ESRI.ArcGIS.GeoprocessingUI.IMdElementEditor:get_GxDialog due to: Could not load file or assembly 'ESRI.ArcGIS.CatalogUI, Version=10.1.0.0, Culture=neutral, PublicKeyToken=8fc3cc631e44ad86' or one of its dependencies. assembly:ESRI.ArcGIS.CatalogUI, Version=10.1.0.0, Culture=neutral, PublicKeyToken=8fc3cc631e44ad86 type:<unknown type> member:(null) signature:<none>

Unloading broken assembly Assets/Plugins/ESRI.ArcGIS.GeoprocessingUI.dll, this assembly can cause crashes in the runtime

Unloading broken assembly Assets/Plugins/ESRI.ArcGIS.ArcGlobe.dll, this assembly can cause crashes in the runtime

Unloading broken assembly Assets/Plugins/ESRI.ArcGIS.CartoUI.dll, this assembly can cause crashes in the runtime

Unloading broken assembly Assets/Plugins/ESRI.ArcGIS.ArcScene.dll, this assembly can cause crashes in the runtime

Unloading broken assembly Assets/Plugins/ESRI.ArcGIS.ArcMapUI.dll, this assembly can cause crashes in the runtime

Unloading broken assembly Assets/Plugins/ESRI.ArcGIS.ArcCatalog.dll, this assembly can cause crashes in the runtime

Unloading broken assembly Assets/Plugins/ESRI.ArcGIS.DataSourcesRasterUI.dll, this assembly can cause crashes in the runtime

Unloading broken assembly Assets/Plugins/ESRI.ArcGIS.ArcMap.dll, this assembly can cause crashes in the runtime

Native extension for WindowsStandalone target not found
Native extension for WebGL target not found
Refreshing native plugins compatible for Editor in 0.74 ms, found 2 plugins.
Preloading 0 native plugins for Editor in 0.00 ms.
Mono: successfully reloaded assembly
- Completed reload, in  1.206 seconds
Platform modules already initialized, skipping
Refreshing native plugins compatible for Editor in 0.74 ms, found 2 plugins.
Preloading 0 native plugins for Editor in 0.00 ms.
Unloading 1472 Unused Serialized files (Serialized files now loaded: 0)
System memory in use before: 71.1 MB.
System memory in use after: 71.2 MB.

Unloading 100 unused Assets to reduce memory usage. Loaded Objects now: 1828.
Total: 1.850700 ms (FindLiveObjects: 0.170000 ms CreateObjectMapping: 0.050700 ms MarkObjects: 1.588900 ms  DeleteObjects: 0.039900 ms)

AssetImportParameters requested are different than current active one (requested -> active):
  custom:framework-win-MediaFoundation: 216162199b28c13a410421893ffa2e32 -> 
  custom:video-decoder-ogg-theora: a1e56fd34408186e4bbccfd4996cb3dc -> 
  custom:container-muxer-webm: aa71ff27fc2769a1b78a27578f13a17b -> 
  custom:container-demuxer-webm: 4f35f7cbe854078d1ac9338744f61a02 -> 
  custom:container-demuxer-ogg: 62fdf1f143b41e24485cea50d1cbac27 -> 
  custom:video-encoder-webm-vp8: eb34c28f22e8b96e1ab97ce403110664 -> 
  custom:video-decoder-webm-vp8: 9c59270c3fd7afecdb556c50c9e8de78 -> 
  custom:audio-decoder-ogg-vorbis: bf7c407c2cedff20999df2af8eb42d56 -> 
  custom:audio-encoder-webm-vorbis: bf7c407c2cedff20999df2af8eb42d56 -> 
========================================================================
Received Import Request.
  Time since last request: 187.129349 seconds.
  path: Assets/testshp.cs
  artifactKey: Guid(6d5961c202f869a4f820d82ef77f9afe) Importer(815301076,1909f56bfc062723c751e8b465ee728b)
Start importing Assets/testshp.cs using Guid(6d5961c202f869a4f820d82ef77f9afe) Importer(815301076,1909f56bfc062723c751e8b465ee728b)  -> (artifact id: '709ccd94f90c45eb038b9cf69a077a89') in 0.023465 seconds 
  Import took 0.025508 seconds .

========================================================================
Received Import Request.
  Time since last request: 0.076230 seconds.
  path: Assets/testshp.cs
  artifactKey: Guid(6d5961c202f869a4f820d82ef77f9afe) Importer(815301076,1909f56bfc062723c751e8b465ee728b)
Start importing Assets/testshp.cs using Guid(6d5961c202f869a4f820d82ef77f9afe) Importer(815301076,1909f56bfc062723c751e8b465ee728b)  -> (artifact id: '709ccd94f90c45eb038b9cf69a077a89') in 0.002218 seconds 
  Import took 0.004112 seconds .

========================================================================
Received Prepare
Registering precompiled user dll's ...
Registered in 0.037896 seconds.
Begin MonoManager ReloadAssembly
Error: Could not load signature of ESRI.ArcGIS.GeoprocessingUI.IMdElementEditor:get_GxDialog due to: Could not load file or assembly 'ESRI.ArcGIS.CatalogUI, Version=10.1.0.0, Culture=neutral, PublicKeyToken=8fc3cc631e44ad86' or one of its dependencies. assembly:ESRI.ArcGIS.CatalogUI, Version=10.1.0.0, Culture=neutral, PublicKeyToken=8fc3cc631e44ad86 type:<unknown type> member:(null) signature:<none>

Unloading broken assembly Assets/Plugins/ESRI.ArcGIS.GeoprocessingUI.dll, this assembly can cause crashes in the runtime

Unloading broken assembly Assets/Plugins/ESRI.ArcGIS.ArcGlobe.dll, this assembly can cause crashes in the runtime

Unloading broken assembly Assets/Plugins/ESRI.ArcGIS.CartoUI.dll, this assembly can cause crashes in the runtime

Unloading broken assembly Assets/Plugins/ESRI.ArcGIS.ArcScene.dll, this assembly can cause crashes in the runtime

Unloading broken assembly Assets/Plugins/ESRI.ArcGIS.ArcMapUI.dll, this assembly can cause crashes in the runtime

Unloading broken assembly Assets/Plugins/ESRI.ArcGIS.ArcCatalog.dll, this assembly can cause crashes in the runtime

Unloading broken assembly Assets/Plugins/ESRI.ArcGIS.DataSourcesRasterUI.dll, this assembly can cause crashes in the runtime

Unloading broken assembly Assets/Plugins/ESRI.ArcGIS.ArcMap.dll, this assembly can cause crashes in the runtime

Native extension for WindowsStandalone target not found
Native extension for WebGL target not found
Refreshing native plugins compatible for Editor in 0.71 ms, found 2 plugins.
Preloading 0 native plugins for Editor in 0.00 ms.
Mono: successfully reloaded assembly
- Completed reload, in  1.217 seconds
Platform modules already initialized, skipping
Refreshing native plugins compatible for Editor in 0.71 ms, found 2 plugins.
Preloading 0 native plugins for Editor in 0.00 ms.
Unloading 1472 Unused Serialized files (Serialized files now loaded: 0)
System memory in use before: 71.2 MB.
System memory in use after: 71.3 MB.

Unloading 100 unused Assets to reduce memory usage. Loaded Objects now: 1831.
Total: 2.022400 ms (FindLiveObjects: 0.169000 ms CreateObjectMapping: 0.043300 ms MarkObjects: 1.769000 ms  DeleteObjects: 0.039800 ms)

AssetImportParameters requested are different than current active one (requested -> active):
  custom:framework-win-MediaFoundation: 216162199b28c13a410421893ffa2e32 -> 
  custom:video-decoder-ogg-theora: a1e56fd34408186e4bbccfd4996cb3dc -> 
  custom:container-muxer-webm: aa71ff27fc2769a1b78a27578f13a17b -> 
  custom:container-demuxer-webm: 4f35f7cbe854078d1ac9338744f61a02 -> 
  custom:container-demuxer-ogg: 62fdf1f143b41e24485cea50d1cbac27 -> 
  custom:video-encoder-webm-vp8: eb34c28f22e8b96e1ab97ce403110664 -> 
  custom:video-decoder-webm-vp8: 9c59270c3fd7afecdb556c50c9e8de78 -> 
  custom:audio-decoder-ogg-vorbis: bf7c407c2cedff20999df2af8eb42d56 -> 
  custom:audio-encoder-webm-vorbis: bf7c407c2cedff20999df2af8eb42d56 -> 
========================================================================
Received Import Request.
  Time since last request: 36.130940 seconds.
  path: Assets/testshp.cs
  artifactKey: Guid(6d5961c202f869a4f820d82ef77f9afe) Importer(815301076,1909f56bfc062723c751e8b465ee728b)
Start importing Assets/testshp.cs using Guid(6d5961c202f869a4f820d82ef77f9afe) Importer(815301076,1909f56bfc062723c751e8b465ee728b)  -> (artifact id: 'f24dea885ceb33f52096b14d507bbf35') in 0.004375 seconds 
  Import took 0.006216 seconds .

========================================================================
Received Prepare
Registering precompiled user dll's ...
Registered in 0.037606 seconds.
Begin MonoManager ReloadAssembly
Error: Could not load signature of ESRI.ArcGIS.GeoprocessingUI.IMdElementEditor:get_GxDialog due to: Could not load file or assembly 'ESRI.ArcGIS.CatalogUI, Version=10.1.0.0, Culture=neutral, PublicKeyToken=8fc3cc631e44ad86' or one of its dependencies. assembly:ESRI.ArcGIS.CatalogUI, Version=10.1.0.0, Culture=neutral, PublicKeyToken=8fc3cc631e44ad86 type:<unknown type> member:(null) signature:<none>

Unloading broken assembly Assets/Plugins/ESRI.ArcGIS.GeoprocessingUI.dll, this assembly can cause crashes in the runtime

Unloading broken assembly Assets/Plugins/ESRI.ArcGIS.ArcGlobe.dll, this assembly can cause crashes in the runtime

Unloading broken assembly Assets/Plugins/ESRI.ArcGIS.CartoUI.dll, this assembly can cause crashes in the runtime

Unloading broken assembly Assets/Plugins/ESRI.ArcGIS.ArcScene.dll, this assembly can cause crashes in the runtime

Unloading broken assembly Assets/Plugins/ESRI.ArcGIS.ArcMapUI.dll, this assembly can cause crashes in the runtime

Unloading broken assembly Assets/Plugins/ESRI.ArcGIS.ArcCatalog.dll, this assembly can cause crashes in the runtime

Unloading broken assembly Assets/Plugins/ESRI.ArcGIS.DataSourcesRasterUI.dll, this assembly can cause crashes in the runtime

Unloading broken assembly Assets/Plugins/ESRI.ArcGIS.ArcMap.dll, this assembly can cause crashes in the runtime

Native extension for WindowsStandalone target not found
Native extension for WebGL target not found
Refreshing native plugins compatible for Editor in 0.75 ms, found 2 plugins.
Preloading 0 native plugins for Editor in 0.00 ms.
Mono: successfully reloaded assembly
- Completed reload, in  1.218 seconds
Platform modules already initialized, skipping
Refreshing native plugins compatible for Editor in 0.71 ms, found 2 plugins.
Preloading 0 native plugins for Editor in 0.00 ms.
Unloading 1472 Unused Serialized files (Serialized files now loaded: 0)
System memory in use before: 71.2 MB.
System memory in use after: 71.3 MB.

Unloading 100 unused Assets to reduce memory usage. Loaded Objects now: 1834.
Total: 1.849000 ms (FindLiveObjects: 0.142800 ms CreateObjectMapping: 0.042000 ms MarkObjects: 1.627600 ms  DeleteObjects: 0.035400 ms)

AssetImportParameters requested are different than current active one (requested -> active):
  custom:framework-win-MediaFoundation: 216162199b28c13a410421893ffa2e32 -> 
  custom:video-decoder-ogg-theora: a1e56fd34408186e4bbccfd4996cb3dc -> 
  custom:container-muxer-webm: aa71ff27fc2769a1b78a27578f13a17b -> 
  custom:container-demuxer-webm: 4f35f7cbe854078d1ac9338744f61a02 -> 
  custom:container-demuxer-ogg: 62fdf1f143b41e24485cea50d1cbac27 -> 
  custom:video-encoder-webm-vp8: eb34c28f22e8b96e1ab97ce403110664 -> 
  custom:video-decoder-webm-vp8: 9c59270c3fd7afecdb556c50c9e8de78 -> 
  custom:audio-decoder-ogg-vorbis: bf7c407c2cedff20999df2af8eb42d56 -> 
  custom:audio-encoder-webm-vorbis: bf7c407c2cedff20999df2af8eb42d56 -> 
========================================================================
Received Prepare
Registering precompiled user dll's ...
Registered in 0.039406 seconds.
Begin MonoManager ReloadAssembly
Error: Could not load signature of ESRI.ArcGIS.GeoprocessingUI.IMdElementEditor:get_GxDialog due to: Could not load file or assembly 'ESRI.ArcGIS.CatalogUI, Version=10.1.0.0, Culture=neutral, PublicKeyToken=8fc3cc631e44ad86' or one of its dependencies. assembly:ESRI.ArcGIS.CatalogUI, Version=10.1.0.0, Culture=neutral, PublicKeyToken=8fc3cc631e44ad86 type:<unknown type> member:(null) signature:<none>

Unloading broken assembly Assets/Plugins/ESRI.ArcGIS.GeoprocessingUI.dll, this assembly can cause crashes in the runtime

Unloading broken assembly Assets/Plugins/ESRI.ArcGIS.ArcGlobe.dll, this assembly can cause crashes in the runtime

Unloading broken assembly Assets/Plugins/ESRI.ArcGIS.CartoUI.dll, this assembly can cause crashes in the runtime

Unloading broken assembly Assets/Plugins/ESRI.ArcGIS.ArcScene.dll, this assembly can cause crashes in the runtime

Unloading broken assembly Assets/Plugins/ESRI.ArcGIS.ArcMapUI.dll, this assembly can cause crashes in the runtime

Unloading broken assembly Assets/Plugins/ESRI.ArcGIS.ArcCatalog.dll, this assembly can cause crashes in the runtime

Unloading broken assembly Assets/Plugins/ESRI.ArcGIS.DataSourcesRasterUI.dll, this assembly can cause crashes in the runtime

Unloading broken assembly Assets/Plugins/ESRI.ArcGIS.ArcMap.dll, this assembly can cause crashes in the runtime

Native extension for WindowsStandalone target not found
Native extension for WebGL target not found
Refreshing native plugins compatible for Editor in 0.71 ms, found 2 plugins.
Preloading 0 native plugins for Editor in 0.00 ms.
Mono: successfully reloaded assembly
- Completed reload, in  1.210 seconds
Platform modules already initialized, skipping
Refreshing native plugins compatible for Editor in 0.71 ms, found 2 plugins.
Preloading 0 native plugins for Editor in 0.00 ms.
Unloading 1472 Unused Serialized files (Serialized files now loaded: 0)
System memory in use before: 71.2 MB.
System memory in use after: 71.3 MB.

Unloading 100 unused Assets to reduce memory usage. Loaded Objects now: 1837.
Total: 2.489600 ms (FindLiveObjects: 0.286500 ms CreateObjectMapping: 0.067400 ms MarkObjects: 2.073200 ms  DeleteObjects: 0.058600 ms)

AssetImportParameters requested are different than current active one (requested -> active):
  custom:framework-win-MediaFoundation: 216162199b28c13a410421893ffa2e32 -> 
  custom:video-decoder-ogg-theora: a1e56fd34408186e4bbccfd4996cb3dc -> 
  custom:container-muxer-webm: aa71ff27fc2769a1b78a27578f13a17b -> 
  custom:container-demuxer-webm: 4f35f7cbe854078d1ac9338744f61a02 -> 
  custom:container-demuxer-ogg: 62fdf1f143b41e24485cea50d1cbac27 -> 
  custom:video-encoder-webm-vp8: eb34c28f22e8b96e1ab97ce403110664 -> 
  custom:video-decoder-webm-vp8: 9c59270c3fd7afecdb556c50c9e8de78 -> 
  custom:audio-decoder-ogg-vorbis: bf7c407c2cedff20999df2af8eb42d56 -> 
  custom:audio-encoder-webm-vorbis: bf7c407c2cedff20999df2af8eb42d56 -> 
========================================================================
Received Prepare
Registering precompiled user dll's ...
Registered in 0.007666 seconds.
Begin MonoManager ReloadAssembly
Error: Could not load signature of ESRI.ArcGIS.Display.ITextSymbol:get_Font due to: Could not load file or assembly 'stdole, Version=7.0.3300.0, Culture=neutral, PublicKeyToken=b03f5f7f11d50a3a' or one of its dependencies. assembly:stdole, Version=7.0.3300.0, Culture=neutral, PublicKeyToken=b03f5f7f11d50a3a type:<unknown type> member:(null) signature:<none>

Error: Could not load signature of ESRI.ArcGIS.Carto.ILocationTrigger:EvaluateDataMessage due to: Could not load file or assembly 'ESRI.ArcGIS.GeoDatabaseExtensions, Version=10.1.0.0, Culture=neutral, PublicKeyToken=8fc3cc631e44ad86' or one of its dependencies. assembly:ESRI.ArcGIS.GeoDatabaseExtensions, Version=10.1.0.0, Culture=neutral, PublicKeyToken=8fc3cc631e44ad86 type:<unknown type> member:(null) signature:<none>

Error: Could not load signature of ESRI.ArcGIS.Controls.IMapControl2:set_MouseIcon due to: Could not load file or assembly 'stdole, Version=7.0.3300.0, Culture=neutral, PublicKeyToken=b03f5f7f11d50a3a' or one of its dependencies. assembly:stdole, Version=7.0.3300.0, Culture=neutral, PublicKeyToken=b03f5f7f11d50a3a type:<unknown type> member:(null) signature:<none>

Error: Could not load signature of ESRI.ArcGIS.DataSourcesRaster.RasterPictureClass:LoadPicture due to: Could not load file or assembly 'stdole, Version=7.0.3300.0, Culture=neutral, PublicKeyToken=b03f5f7f11d50a3a' or one of its dependencies. assembly:stdole, Version=7.0.3300.0, Culture=neutral, PublicKeyToken=b03f5f7f11d50a3a type:<unknown type> member:(null) signature:<none>

Unloading broken assembly Assets/Plugins/ESRI.ArcGIS.Display.dll, this assembly can cause crashes in the runtime

Unloading broken assembly Assets/Plugins/ESRI.ArcGIS.SystemUI.dll, this assembly can cause crashes in the runtime

Unloading broken assembly Assets/Plugins/ESRI.ArcGIS.Geodatabase.dll, this assembly can cause crashes in the runtime

Unloading broken assembly Assets/Plugins/ESRI.ArcGIS.Carto.dll, this assembly can cause crashes in the runtime

Unloading broken assembly Assets/Plugins/ESRI.ArcGIS.Controls.dll, this assembly can cause crashes in the runtime

Unloading broken assembly Assets/Plugins/ESRI.ArcGIS.DataSourcesRaster.dll, this assembly can cause crashes in the runtime

Native extension for WindowsStandalone target not found
Native extension for WebGL target not found
Refreshing native plugins compatible for Editor in 0.36 ms, found 2 plugins.
Preloading 0 native plugins for Editor in 0.00 ms.
Mono: successfully reloaded assembly
- Completed reload, in  0.929 seconds
Platform modules already initialized, skipping
Refreshing native plugins compatible for Editor in 0.33 ms, found 2 plugins.
Preloading 0 native plugins for Editor in 0.00 ms.
Unloading 1395 Unused Serialized files (Serialized files now loaded: 0)
System memory in use before: 68.0 MB.
System memory in use after: 68.1 MB.

Unloading 23 unused Assets to reduce memory usage. Loaded Objects now: 1840.
Total: 1.847300 ms (FindLiveObjects: 0.165700 ms CreateObjectMapping: 0.041700 ms MarkObjects: 1.620700 ms  DeleteObjects: 0.017700 ms)

AssetImportParameters requested are different than current active one (requested -> active):
  custom:framework-win-MediaFoundation: 216162199b28c13a410421893ffa2e32 -> 
  custom:video-decoder-ogg-theora: a1e56fd34408186e4bbccfd4996cb3dc -> 
  custom:container-muxer-webm: aa71ff27fc2769a1b78a27578f13a17b -> 
  custom:container-demuxer-webm: 4f35f7cbe854078d1ac9338744f61a02 -> 
  custom:container-demuxer-ogg: 62fdf1f143b41e24485cea50d1cbac27 -> 
  custom:video-encoder-webm-vp8: eb34c28f22e8b96e1ab97ce403110664 -> 
  custom:video-decoder-webm-vp8: 9c59270c3fd7afecdb556c50c9e8de78 -> 
  custom:audio-decoder-ogg-vorbis: bf7c407c2cedff20999df2af8eb42d56 -> 
  custom:audio-encoder-webm-vorbis: bf7c407c2cedff20999df2af8eb42d56 -> 
========================================================================
Received Prepare
Registering precompiled user dll's ...
Registered in 0.007384 seconds.
Begin MonoManager ReloadAssembly
Error: Could not load signature of ESRI.ArcGIS.Display.ITextSymbol:get_Font due to: Could not load file or assembly 'stdole, Version=7.0.3300.0, Culture=neutral, PublicKeyToken=b03f5f7f11d50a3a' or one of its dependencies. assembly:stdole, Version=7.0.3300.0, Culture=neutral, PublicKeyToken=b03f5f7f11d50a3a type:<unknown type> member:(null) signature:<none>

Error: Could not load signature of ESRI.ArcGIS.Carto.ILocationTrigger:EvaluateDataMessage due to: Could not load file or assembly 'ESRI.ArcGIS.GeoDatabaseExtensions, Version=10.1.0.0, Culture=neutral, PublicKeyToken=8fc3cc631e44ad86' or one of its dependencies. assembly:ESRI.ArcGIS.GeoDatabaseExtensions, Version=10.1.0.0, Culture=neutral, PublicKeyToken=8fc3cc631e44ad86 type:<unknown type> member:(null) signature:<none>

Error: Could not load signature of ESRI.ArcGIS.Controls.IMapControl2:set_MouseIcon due to: Could not load file or assembly 'stdole, Version=7.0.3300.0, Culture=neutral, PublicKeyToken=b03f5f7f11d50a3a' or one of its dependencies. assembly:stdole, Version=7.0.3300.0, Culture=neutral, PublicKeyToken=b03f5f7f11d50a3a type:<unknown type> member:(null) signature:<none>

Error: Could not load signature of ESRI.ArcGIS.DataSourcesRaster.RasterPictureClass:LoadPicture due to: Could not load file or assembly 'stdole, Version=7.0.3300.0, Culture=neutral, PublicKeyToken=b03f5f7f11d50a3a' or one of its dependencies. assembly:stdole, Version=7.0.3300.0, Culture=neutral, PublicKeyToken=b03f5f7f11d50a3a type:<unknown type> member:(null) signature:<none>

Unloading broken assembly Assets/Plugins/ESRI.ArcGIS.Display.dll, this assembly can cause crashes in the runtime

Unloading broken assembly Assets/Plugins/ESRI.ArcGIS.SystemUI.dll, this assembly can cause crashes in the runtime

Unloading broken assembly Assets/Plugins/ESRI.ArcGIS.Geodatabase.dll, this assembly can cause crashes in the runtime

Unloading broken assembly Assets/Plugins/ESRI.ArcGIS.Carto.dll, this assembly can cause crashes in the runtime

Unloading broken assembly Assets/Plugins/ESRI.ArcGIS.Controls.dll, this assembly can cause crashes in the runtime

Unloading broken assembly Assets/Plugins/ESRI.ArcGIS.DataSourcesRaster.dll, this assembly can cause crashes in the runtime

Native extension for WindowsStandalone target not found
Native extension for WebGL target not found
Refreshing native plugins compatible for Editor in 0.34 ms, found 2 plugins.
Preloading 0 native plugins for Editor in 0.00 ms.
Mono: successfully reloaded assembly
- Completed reload, in  0.889 seconds
Platform modules already initialized, skipping
Refreshing native plugins compatible for Editor in 0.35 ms, found 2 plugins.
Preloading 0 native plugins for Editor in 0.00 ms.
Unloading 1395 Unused Serialized files (Serialized files now loaded: 0)
System memory in use before: 68.0 MB.
System memory in use after: 68.1 MB.

Unloading 23 unused Assets to reduce memory usage. Loaded Objects now: 1843.
Total: 1.833500 ms (FindLiveObjects: 0.145700 ms CreateObjectMapping: 0.042500 ms MarkObjects: 1.627100 ms  DeleteObjects: 0.017000 ms)

AssetImportParameters requested are different than current active one (requested -> active):
  custom:framework-win-MediaFoundation: 216162199b28c13a410421893ffa2e32 -> 
  custom:video-decoder-ogg-theora: a1e56fd34408186e4bbccfd4996cb3dc -> 
  custom:container-muxer-webm: aa71ff27fc2769a1b78a27578f13a17b -> 
  custom:container-demuxer-webm: 4f35f7cbe854078d1ac9338744f61a02 -> 
  custom:container-demuxer-ogg: 62fdf1f143b41e24485cea50d1cbac27 -> 
  custom:video-encoder-webm-vp8: eb34c28f22e8b96e1ab97ce403110664 -> 
  custom:video-decoder-webm-vp8: 9c59270c3fd7afecdb556c50c9e8de78 -> 
  custom:audio-decoder-ogg-vorbis: bf7c407c2cedff20999df2af8eb42d56 -> 
  custom:audio-encoder-webm-vorbis: bf7c407c2cedff20999df2af8eb42d56 -> 
========================================================================
Received Prepare
Registering precompiled user dll's ...
Registered in 0.007694 seconds.
Begin MonoManager ReloadAssembly
Error: Could not load signature of ESRI.ArcGIS.Carto.ILocationTrigger:EvaluateDataMessage due to: Could not load file or assembly 'ESRI.ArcGIS.GeoDatabaseExtensions, Version=10.1.0.0, Culture=neutral, PublicKeyToken=8fc3cc631e44ad86' or one of its dependencies. assembly:ESRI.ArcGIS.GeoDatabaseExtensions, Version=10.1.0.0, Culture=neutral, PublicKeyToken=8fc3cc631e44ad86 type:<unknown type> member:(null) signature:<none>

Error: Could not load signature of ESRI.ArcGIS.Controls.IPageLayoutControl:get_Printer due to: Could not load file or assembly 'ESRI.ArcGIS.Output, Version=10.1.0.0, Culture=neutral, PublicKeyToken=8fc3cc631e44ad86' or one of its dependencies. assembly:ESRI.ArcGIS.Output, Version=10.1.0.0, Culture=neutral, PublicKeyToken=8fc3cc631e44ad86 type:<unknown type> member:(null) signature:<none>

Unloading broken assembly Assets/Plugins/ESRI.ArcGIS.Geodatabase.dll, this assembly can cause crashes in the runtime

Unloading broken assembly Assets/Plugins/ESRI.ArcGIS.Carto.dll, this assembly can cause crashes in the runtime

Unloading broken assembly Assets/Plugins/ESRI.ArcGIS.Controls.dll, this assembly can cause crashes in the runtime

Native extension for WindowsStandalone target not found
Native extension for WebGL target not found
Refreshing native plugins compatible for Editor in 0.34 ms, found 2 plugins.
Preloading 0 native plugins for Editor in 0.00 ms.
Mono: successfully reloaded assembly
- Completed reload, in  0.921 seconds
Platform modules already initialized, skipping
Refreshing native plugins compatible for Editor in 0.34 ms, found 2 plugins.
Preloading 0 native plugins for Editor in 0.00 ms.
Unloading 1396 Unused Serialized files (Serialized files now loaded: 0)
System memory in use before: 68.1 MB.
System memory in use after: 68.2 MB.

Unloading 24 unused Assets to reduce memory usage. Loaded Objects now: 1846.
Total: 1.768600 ms (FindLiveObjects: 0.150500 ms CreateObjectMapping: 0.041200 ms MarkObjects: 1.559000 ms  DeleteObjects: 0.016800 ms)

AssetImportParameters requested are different than current active one (requested -> active):
  custom:framework-win-MediaFoundation: 216162199b28c13a410421893ffa2e32 -> 
  custom:video-decoder-ogg-theora: a1e56fd34408186e4bbccfd4996cb3dc -> 
  custom:container-muxer-webm: aa71ff27fc2769a1b78a27578f13a17b -> 
  custom:container-demuxer-webm: 4f35f7cbe854078d1ac9338744f61a02 -> 
  custom:container-demuxer-ogg: 62fdf1f143b41e24485cea50d1cbac27 -> 
  custom:video-encoder-webm-vp8: eb34c28f22e8b96e1ab97ce403110664 -> 
  custom:video-decoder-webm-vp8: 9c59270c3fd7afecdb556c50c9e8de78 -> 
  custom:audio-decoder-ogg-vorbis: bf7c407c2cedff20999df2af8eb42d56 -> 
  custom:audio-encoder-webm-vorbis: bf7c407c2cedff20999df2af8eb42d56 -> 
========================================================================
Received Prepare
Registering precompiled user dll's ...
Registered in 0.008001 seconds.
Begin MonoManager ReloadAssembly
Error: Could not load signature of ESRI.ArcGIS.Carto.ILocationTrigger:EvaluateDataMessage due to: Could not load file or assembly 'ESRI.ArcGIS.GeoDatabaseExtensions, Version=10.1.0.0, Culture=neutral, PublicKeyToken=8fc3cc631e44ad86' or one of its dependencies. assembly:ESRI.ArcGIS.GeoDatabaseExtensions, Version=10.1.0.0, Culture=neutral, PublicKeyToken=8fc3cc631e44ad86 type:<unknown type> member:(null) signature:<none>

Error: Could not load signature of ESRI.ArcGIS.Controls.IPageLayoutControl:get_Printer due to: Could not load file or assembly 'ESRI.ArcGIS.Output, Version=10.1.0.0, Culture=neutral, PublicKeyToken=8fc3cc631e44ad86' or one of its dependencies. assembly:ESRI.ArcGIS.Output, Version=10.1.0.0, Culture=neutral, PublicKeyToken=8fc3cc631e44ad86 type:<unknown type> member:(null) signature:<none>

Unloading broken assembly Assets/Plugins/ESRI.ArcGIS.Geodatabase.dll, this assembly can cause crashes in the runtime

Unloading broken assembly Assets/Plugins/ESRI.ArcGIS.Carto.dll, this assembly can cause crashes in the runtime

Unloading broken assembly Assets/Plugins/ESRI.ArcGIS.Controls.dll, this assembly can cause crashes in the runtime

Native extension for WindowsStandalone target not found
Native extension for WebGL target not found
Refreshing native plugins compatible for Editor in 0.34 ms, found 2 plugins.
Preloading 0 native plugins for Editor in 0.00 ms.
Mono: successfully reloaded assembly
- Completed reload, in  0.932 seconds
Platform modules already initialized, skipping
Refreshing native plugins compatible for Editor in 0.34 ms, found 2 plugins.
Preloading 0 native plugins for Editor in 0.00 ms.
Unloading 1396 Unused Serialized files (Serialized files now loaded: 0)
System memory in use before: 68.1 MB.
System memory in use after: 68.2 MB.

Unloading 24 unused Assets to reduce memory usage. Loaded Objects now: 1849.
Total: 1.842000 ms (FindLiveObjects: 0.140500 ms CreateObjectMapping: 0.035400 ms MarkObjects: 1.647600 ms  DeleteObjects: 0.017200 ms)

AssetImportParameters requested are different than current active one (requested -> active):
  custom:framework-win-MediaFoundation: 216162199b28c13a410421893ffa2e32 -> 
  custom:video-decoder-ogg-theora: a1e56fd34408186e4bbccfd4996cb3dc -> 
  custom:container-muxer-webm: aa71ff27fc2769a1b78a27578f13a17b -> 
  custom:container-demuxer-webm: 4f35f7cbe854078d1ac9338744f61a02 -> 
  custom:container-demuxer-ogg: 62fdf1f143b41e24485cea50d1cbac27 -> 
  custom:video-encoder-webm-vp8: eb34c28f22e8b96e1ab97ce403110664 -> 
  custom:video-decoder-webm-vp8: 9c59270c3fd7afecdb556c50c9e8de78 -> 
  custom:audio-decoder-ogg-vorbis: bf7c407c2cedff20999df2af8eb42d56 -> 
  custom:audio-encoder-webm-vorbis: bf7c407c2cedff20999df2af8eb42d56 -> 
========================================================================
Received Prepare
Registering precompiled user dll's ...
Registered in 0.007764 seconds.
Begin MonoManager ReloadAssembly
Error: Could not load signature of ESRI.ArcGIS.Carto.ILocationTrigger:EvaluateDataMessage due to: Could not load file or assembly 'ESRI.ArcGIS.GeoDatabaseExtensions, Version=10.1.0.0, Culture=neutral, PublicKeyToken=8fc3cc631e44ad86' or one of its dependencies. assembly:ESRI.ArcGIS.GeoDatabaseExtensions, Version=10.1.0.0, Culture=neutral, PublicKeyToken=8fc3cc631e44ad86 type:<unknown type> member:(null) signature:<none>

Error: Could not load signature of ESRI.ArcGIS.Controls.IPageLayoutControl:get_Printer due to: Could not load file or assembly 'ESRI.ArcGIS.Output, Version=10.1.0.0, Culture=neutral, PublicKeyToken=8fc3cc631e44ad86' or one of its dependencies. assembly:ESRI.ArcGIS.Output, Version=10.1.0.0, Culture=neutral, PublicKeyToken=8fc3cc631e44ad86 type:<unknown type> member:(null) signature:<none>

Unloading broken assembly Assets/Plugins/ESRI.ArcGIS.Geodatabase.dll, this assembly can cause crashes in the runtime

Unloading broken assembly Assets/Plugins/ESRI.ArcGIS.Carto.dll, this assembly can cause crashes in the runtime

Unloading broken assembly Assets/Plugins/ESRI.ArcGIS.Controls.dll, this assembly can cause crashes in the runtime

Native extension for WindowsStandalone target not found
Native extension for WebGL target not found
Refreshing native plugins compatible for Editor in 0.35 ms, found 2 plugins.
Preloading 0 native plugins for Editor in 0.00 ms.
Mono: successfully reloaded assembly
- Completed reload, in  0.940 seconds
Platform modules already initialized, skipping
Refreshing native plugins compatible for Editor in 0.34 ms, found 2 plugins.
Preloading 0 native plugins for Editor in 0.00 ms.
Unloading 1396 Unused Serialized files (Serialized files now loaded: 0)
System memory in use before: 68.1 MB.
System memory in use after: 68.2 MB.

Unloading 24 unused Assets to reduce memory usage. Loaded Objects now: 1852.
Total: 2.076900 ms (FindLiveObjects: 0.167400 ms CreateObjectMapping: 0.043500 ms MarkObjects: 1.842400 ms  DeleteObjects: 0.022200 ms)

AssetImportParameters requested are different than current active one (requested -> active):
  custom:framework-win-MediaFoundation: 216162199b28c13a410421893ffa2e32 -> 
  custom:video-decoder-ogg-theora: a1e56fd34408186e4bbccfd4996cb3dc -> 
  custom:container-muxer-webm: aa71ff27fc2769a1b78a27578f13a17b -> 
  custom:container-demuxer-webm: 4f35f7cbe854078d1ac9338744f61a02 -> 
  custom:container-demuxer-ogg: 62fdf1f143b41e24485cea50d1cbac27 -> 
  custom:video-encoder-webm-vp8: eb34c28f22e8b96e1ab97ce403110664 -> 
  custom:video-decoder-webm-vp8: 9c59270c3fd7afecdb556c50c9e8de78 -> 
  custom:audio-decoder-ogg-vorbis: bf7c407c2cedff20999df2af8eb42d56 -> 
  custom:audio-encoder-webm-vorbis: bf7c407c2cedff20999df2af8eb42d56 -> 
AssetImportWorkerClient::OnTransportError - code=2 error=End of file
